[     920ms] [INFO] [SAFA API] -> GET /auth/session {method: GET, path: /auth/session, url: /api/auth/session, body: undefined, requestedAt: 2026-06-21T10:07:33.952Z} @ https://safa-8f76e--invoice-ux-simplify-3eesi5t2.web.app/_next/static/chunks/146jk8mmnoaei.js:0
[     921ms] [INFO] [SAFA API] -> GET /orders {method: GET, path: /orders, url: /api/orders, body: undefined, requestedAt: 2026-06-21T10:07:33.954Z} @ https://safa-8f76e--invoice-ux-simplify-3eesi5t2.web.app/_next/static/chunks/146jk8mmnoaei.js:0
[     921ms] [INFO] [SAFA API] -> GET /invoices {method: GET, path: /invoices, url: /api/invoices, body: undefined, requestedAt: 2026-06-21T10:07:33.955Z} @ https://safa-8f76e--invoice-ux-simplify-3eesi5t2.web.app/_next/static/chunks/146jk8mmnoaei.js:0
[     922ms] [INFO] [SAFA API] -> GET /invoice-drafts {method: GET, path: /invoice-drafts, url: /api/invoice-drafts, body: undefined, requestedAt: 2026-06-21T10:07:33.955Z} @ https://safa-8f76e--invoice-ux-simplify-3eesi5t2.web.app/_next/static/chunks/146jk8mmnoaei.js:0
[     922ms] [INFO] [SAFA API] -> GET /settings {method: GET, path: /settings, url: /api/settings, body: undefined, requestedAt: 2026-06-21T10:07:33.955Z} @ https://safa-8f76e--invoice-ux-simplify-3eesi5t2.web.app/_next/static/chunks/146jk8mmnoaei.js:0
[     924ms] [INFO] [SAFA ROUTE] navigation {from: null, to: /invoices, pathname: /invoices, search: null, navigatedAt: 2026-06-21T10:07:33.958Z} @ https://safa-8f76e--invoice-ux-simplify-3eesi5t2.web.app/_next/static/chunks/0u_z2k12x9vs1.js:0
[    1021ms] [ERROR] Failed to load resource: the server responded with a status of 401 () @ https://safa-8f76e--invoice-ux-simplify-3eesi5t2.web.app/api/invoices:0
[    1021ms] [WARNING] [SAFA API] <- 401 GET /invoices (100ms) {method: GET, path: /invoices, status: 401, statusText: , ok: false} @ https://safa-8f76e--invoice-ux-simplify-3eesi5t2.web.app/_next/static/chunks/146jk8mmnoaei.js:0
[    1023ms] [ERROR] Failed to load resource: the server responded with a status of 401 () @ https://safa-8f76e--invoice-ux-simplify-3eesi5t2.web.app/api/orders:0
[    1024ms] [WARNING] [SAFA API] <- 401 GET /orders (103ms) {method: GET, path: /orders, status: 401, statusText: , ok: false} @ https://safa-8f76e--invoice-ux-simplify-3eesi5t2.web.app/_next/static/chunks/146jk8mmnoaei.js:0
[    1025ms] [ERROR] Failed to load resource: the server responded with a status of 401 () @ https://safa-8f76e--invoice-ux-simplify-3eesi5t2.web.app/api/settings:0
[    1025ms] [WARNING] [SAFA API] <- 401 GET /settings (103ms) {method: GET, path: /settings, status: 401, statusText: , ok: false} @ https://safa-8f76e--invoice-ux-simplify-3eesi5t2.web.app/_next/static/chunks/146jk8mmnoaei.js:0
[    1028ms] [ERROR] Failed to load resource: the server responded with a status of 401 () @ https://safa-8f76e--invoice-ux-simplify-3eesi5t2.web.app/api/invoice-drafts:0
[    1028ms] [WARNING] [SAFA API] <- 401 GET /invoice-drafts (106ms) {method: GET, path: /invoice-drafts, status: 401, statusText: , ok: false} @ https://safa-8f76e--invoice-ux-simplify-3eesi5t2.web.app/_next/static/chunks/146jk8mmnoaei.js:0
[    1030ms] [INFO] [SAFA API] <- 200 GET /auth/session (112ms) {method: GET, path: /auth/session, status: 200, statusText: , ok: true} @ https://safa-8f76e--invoice-ux-simplify-3eesi5t2.web.app/_next/static/chunks/146jk8mmnoaei.js:0
[    1227ms] [ERROR] Failed to load resource: the server responded with a status of 404 () @ https://safa-8f76e--invoice-ux-simplify-3eesi5t2.web.app/favicon.ico:0
[  483581ms] [INFO] [SAFA API] -> POST /auth/login {method: POST, path: /auth/login, url: /api/auth/login, body: Object, requestedAt: 2026-06-21T10:15:36.614Z} @ https://safa-8f76e--invoice-ux-simplify-3eesi5t2.web.app/_next/static/chunks/146jk8mmnoaei.js:0
[  483865ms] [ERROR] Failed to load resource: the server responded with a status of 401 () @ https://safa-8f76e--invoice-ux-simplify-3eesi5t2.web.app/api/auth/login:0
[  483866ms] [WARNING] [SAFA API] <- 401 POST /auth/login (286ms) {method: POST, path: /auth/login, status: 401, statusText: , ok: false} @ https://safa-8f76e--invoice-ux-simplify-3eesi5t2.web.app/_next/static/chunks/146jk8mmnoaei.js:0
[  490106ms] [INFO] [SAFA API] -> POST /auth/login {method: POST, path: /auth/login, url: /api/auth/login, body: Object, requestedAt: 2026-06-21T10:15:43.139Z} @ https://safa-8f76e--invoice-ux-simplify-3eesi5t2.web.app/_next/static/chunks/146jk8mmnoaei.js:0
[  490203ms] [INFO] [SAFA API] <- 201 POST /auth/login (97ms) {method: POST, path: /auth/login, status: 201, statusText: , ok: true} @ https://safa-8f76e--invoice-ux-simplify-3eesi5t2.web.app/_next/static/chunks/146jk8mmnoaei.js:0
[  492425ms] [INFO] [SAFA ROUTE] navigation {from: /invoices, to: /orders, pathname: /orders, search: null, navigatedAt: 2026-06-21T10:15:45.458Z} @ https://safa-8f76e--invoice-ux-simplify-3eesi5t2.web.app/_next/static/chunks/0u_z2k12x9vs1.js:0
[  492426ms] [INFO] [SAFA API] -> GET /auth/session {method: GET, path: /auth/session, url: /api/auth/session, body: undefined, requestedAt: 2026-06-21T10:15:45.459Z} @ https://safa-8f76e--invoice-ux-simplify-3eesi5t2.web.app/_next/static/chunks/146jk8mmnoaei.js:0
[  492427ms] [INFO] [SAFA API] -> GET /orders {method: GET, path: /orders, url: /api/orders, body: undefined, requestedAt: 2026-06-21T10:15:45.460Z} @ https://safa-8f76e--invoice-ux-simplify-3eesi5t2.web.app/_next/static/chunks/146jk8mmnoaei.js:0
[  492428ms] [INFO] [SAFA API] -> GET /invoices {method: GET, path: /invoices, url: /api/invoices, body: undefined, requestedAt: 2026-06-21T10:15:45.461Z} @ https://safa-8f76e--invoice-ux-simplify-3eesi5t2.web.app/_next/static/chunks/146jk8mmnoaei.js:0
[  492428ms] [INFO] [SAFA API] -> GET /invoice-drafts {method: GET, path: /invoice-drafts, url: /api/invoice-drafts, body: undefined, requestedAt: 2026-06-21T10:15:45.462Z} @ https://safa-8f76e--invoice-ux-simplify-3eesi5t2.web.app/_next/static/chunks/146jk8mmnoaei.js:0
[  492429ms] [INFO] [SAFA API] -> GET /settings {method: GET, path: /settings, url: /api/settings, body: undefined, requestedAt: 2026-06-21T10:15:45.463Z} @ https://safa-8f76e--invoice-ux-simplify-3eesi5t2.web.app/_next/static/chunks/146jk8mmnoaei.js:0
[  492526ms] [INFO] [SAFA API] <- 200 GET /auth/session (101ms) {method: GET, path: /auth/session, status: 200, statusText: , ok: true} @ https://safa-8f76e--invoice-ux-simplify-3eesi5t2.web.app/_next/static/chunks/146jk8mmnoaei.js:0
[  494069ms] [INFO] [SAFA ROUTE] navigation {from: /orders, to: /invoices, pathname: /invoices, search: null, navigatedAt: 2026-06-21T10:15:47.102Z} @ https://safa-8f76e--invoice-ux-simplify-3eesi5t2.web.app/_next/static/chunks/0u_z2k12x9vs1.js:0
[  494069ms] [INFO] [SAFA API] -> GET /auth/session {method: GET, path: /auth/session, url: /api/auth/session, body: undefined, requestedAt: 2026-06-21T10:15:47.103Z} @ https://safa-8f76e--invoice-ux-simplify-3eesi5t2.web.app/_next/static/chunks/146jk8mmnoaei.js:0
[  494106ms] [INFO] [SAFA API] <- 200 GET /settings (1677ms) {method: GET, path: /settings, status: 200, statusText: , ok: true} @ https://safa-8f76e--invoice-ux-simplify-3eesi5t2.web.app/_next/static/chunks/146jk8mmnoaei.js:0
[  496754ms] [INFO] [SAFA API] -> GET /auth/session {method: GET, path: /auth/session, url: /api/auth/session, body: undefined, requestedAt: 2026-06-21T10:15:49.788Z} @ https://safa-8f76e--invoice-ux-simplify-3eesi5t2.web.app/_next/static/chunks/146jk8mmnoaei.js:0
[  496755ms] [INFO] [SAFA API] -> GET /orders {method: GET, path: /orders, url: /api/orders, body: undefined, requestedAt: 2026-06-21T10:15:49.789Z} @ https://safa-8f76e--invoice-ux-simplify-3eesi5t2.web.app/_next/static/chunks/146jk8mmnoaei.js:0
[  496756ms] [INFO] [SAFA API] -> GET /invoices {method: GET, path: /invoices, url: /api/invoices, body: undefined, requestedAt: 2026-06-21T10:15:49.789Z} @ https://safa-8f76e--invoice-ux-simplify-3eesi5t2.web.app/_next/static/chunks/146jk8mmnoaei.js:0
[  496757ms] [INFO] [SAFA API] -> GET /invoice-drafts {method: GET, path: /invoice-drafts, url: /api/invoice-drafts, body: undefined, requestedAt: 2026-06-21T10:15:49.790Z} @ https://safa-8f76e--invoice-ux-simplify-3eesi5t2.web.app/_next/static/chunks/146jk8mmnoaei.js:0
[  496757ms] [INFO] [SAFA API] -> GET /settings {method: GET, path: /settings, url: /api/settings, body: undefined, requestedAt: 2026-06-21T10:15:49.791Z} @ https://safa-8f76e--invoice-ux-simplify-3eesi5t2.web.app/_next/static/chunks/146jk8mmnoaei.js:0
[  496759ms] [INFO] [SAFA ROUTE] navigation {from: null, to: /invoices, pathname: /invoices, search: null, navigatedAt: 2026-06-21T10:15:49.792Z} @ https://safa-8f76e--invoice-ux-simplify-3eesi5t2.web.app/_next/static/chunks/0u_z2k12x9vs1.js:0
[  505088ms] [INFO] [SAFA API] <- 200 GET /auth/session (8333ms) {method: GET, path: /auth/session, status: 200, statusText: , ok: true} @ https://safa-8f76e--invoice-ux-simplify-3eesi5t2.web.app/_next/static/chunks/146jk8mmnoaei.js:0
[  505395ms] [INFO] [SAFA API] <- 200 GET /settings (8638ms) {method: GET, path: /settings, status: 200, statusText: , ok: true} @ https://safa-8f76e--invoice-ux-simplify-3eesi5t2.web.app/_next/static/chunks/146jk8mmnoaei.js:0
[  507905ms] [INFO] [SAFA ROUTE] navigation {from: /invoices, to: /integrations, pathname: /integrations, search: null, navigatedAt: 2026-06-21T10:16:00.939Z} @ https://safa-8f76e--invoice-ux-simplify-3eesi5t2.web.app/_next/static/chunks/0u_z2k12x9vs1.js:0
[  507906ms] [INFO] [SAFA API] -> GET /auth/session {method: GET, path: /auth/session, url: /api/auth/session, body: undefined, requestedAt: 2026-06-21T10:16:00.939Z} @ https://safa-8f76e--invoice-ux-simplify-3eesi5t2.web.app/_next/static/chunks/146jk8mmnoaei.js:0
[  508510ms] [INFO] [SAFA API] <- 200 GET /orders (11751ms) {method: GET, path: /orders, status: 200, statusText: , ok: true} @ https://safa-8f76e--invoice-ux-simplify-3eesi5t2.web.app/_next/static/chunks/146jk8mmnoaei.js:0
[  516441ms] [INFO] [SAFA API] <- 200 GET /invoice-drafts (19679ms) {method: GET, path: /invoice-drafts, status: 200, statusText: , ok: true} @ https://safa-8f76e--invoice-ux-simplify-3eesi5t2.web.app/_next/static/chunks/146jk8mmnoaei.js:0
[  518473ms] [INFO] [SAFA API] <- 200 GET /invoices (21717ms) {method: GET, path: /invoices, status: 200, statusText: , ok: true} @ https://safa-8f76e--invoice-ux-simplify-3eesi5t2.web.app/_next/static/chunks/146jk8mmnoaei.js:0
[  518474ms] [INFO] [SAFA API] -> GET /settings/connections {method: GET, path: /settings/connections, url: /api/settings/connections, body: undefined, requestedAt: 2026-06-21T10:16:11.507Z} @ https://safa-8f76e--invoice-ux-simplify-3eesi5t2.web.app/_next/static/chunks/146jk8mmnoaei.js:0
[  518474ms] [INFO] [SAFA API] -> GET /external-invoices {method: GET, path: /external-invoices, url: /api/external-invoices, body: undefined, requestedAt: 2026-06-21T10:16:11.508Z} @ https://safa-8f76e--invoice-ux-simplify-3eesi5t2.web.app/_next/static/chunks/146jk8mmnoaei.js:0
[  518474ms] [INFO] [SAFA API] -> GET /jobs {method: GET, path: /jobs, url: /api/jobs, body: undefined, requestedAt: 2026-06-21T10:16:11.508Z} @ https://safa-8f76e--invoice-ux-simplify-3eesi5t2.web.app/_next/static/chunks/146jk8mmnoaei.js:0
[  518475ms] [INFO] [SAFA API] -> GET /automation/status {method: GET, path: /automation/status, url: /api/automation/status, body: undefined, requestedAt: 2026-06-21T10:16:11.508Z} @ https://safa-8f76e--invoice-ux-simplify-3eesi5t2.web.app/_next/static/chunks/146jk8mmnoaei.js:0
[  518477ms] [INFO] [SAFA API] <- 200 GET /auth/session (10571ms) {method: GET, path: /auth/session, status: 200, statusText: , ok: true} @ https://safa-8f76e--invoice-ux-simplify-3eesi5t2.web.app/_next/static/chunks/146jk8mmnoaei.js:0
[  523118ms] [INFO] [SAFA ROUTE] navigation {from: /integrations, to: /, pathname: /, search: null, navigatedAt: 2026-06-21T10:16:16.151Z} @ https://safa-8f76e--invoice-ux-simplify-3eesi5t2.web.app/_next/static/chunks/0u_z2k12x9vs1.js:0
[  523118ms] [INFO] [SAFA API] -> GET /auth/session {method: GET, path: /auth/session, url: /api/auth/session, body: undefined, requestedAt: 2026-06-21T10:16:16.152Z} @ https://safa-8f76e--invoice-ux-simplify-3eesi5t2.web.app/_next/static/chunks/146jk8mmnoaei.js:0
[  525476ms] [INFO] [SAFA API] <- 200 GET /external-invoices (6994ms) {method: GET, path: /external-invoices, status: 200, statusText: , ok: true} @ https://safa-8f76e--invoice-ux-simplify-3eesi5t2.web.app/_next/static/chunks/146jk8mmnoaei.js:0
[  527337ms] [INFO] [SAFA API] <- 200 GET /settings/connections (8863ms) {method: GET, path: /settings/connections, status: 200, statusText: , ok: true} @ https://safa-8f76e--invoice-ux-simplify-3eesi5t2.web.app/_next/static/chunks/146jk8mmnoaei.js:0
[  531180ms] [INFO] [SAFA API] <- 200 GET /jobs (12660ms) {method: GET, path: /jobs, status: 200, statusText: , ok: true} @ https://safa-8f76e--invoice-ux-simplify-3eesi5t2.web.app/_next/static/chunks/146jk8mmnoaei.js:0
[  531406ms] [INFO] [SAFA API] <- 200 GET /auth/session (8288ms) {method: GET, path: /auth/session, status: 200, statusText: , ok: true} @ https://safa-8f76e--invoice-ux-simplify-3eesi5t2.web.app/_next/static/chunks/146jk8mmnoaei.js:0
[  531429ms] [INFO] [SAFA API] <- 200 GET /automation/status (12955ms) {method: GET, path: /automation/status, status: 200, statusText: , ok: true} @ https://safa-8f76e--invoice-ux-simplify-3eesi5t2.web.app/_next/static/chunks/146jk8mmnoaei.js:0
[  531430ms] [INFO] [SAFA API] -> GET /products {method: GET, path: /products, url: /api/products, body: undefined, requestedAt: 2026-06-21T10:16:24.463Z} @ https://safa-8f76e--invoice-ux-simplify-3eesi5t2.web.app/_next/static/chunks/146jk8mmnoaei.js:0
[  531430ms] [INFO] [SAFA API] -> GET /integrations/hepsiburada/order-lines {method: GET, path: /integrations/hepsiburada/order-lines, url: /api/integrations/hepsiburada/order-lines, body: undefined, requestedAt: 2026-06-21T10:16:24.463Z} @ https://safa-8f76e--invoice-ux-simplify-3eesi5t2.web.app/_next/static/chunks/146jk8mmnoaei.js:0
[  531781ms] [INFO] [SAFA API] <- 200 GET /integrations/hepsiburada/order-lines (352ms) {method: GET, path: /integrations/hepsiburada/order-lines, status: 200, statusText: , ok: true} @ https://safa-8f76e--invoice-ux-simplify-3eesi5t2.web.app/_next/static/chunks/146jk8mmnoaei.js:0
[  531810ms] [INFO] [SAFA API] <- 200 GET /products (380ms) {method: GET, path: /products, status: 200, statusText: , ok: true} @ https://safa-8f76e--invoice-ux-simplify-3eesi5t2.web.app/_next/static/chunks/146jk8mmnoaei.js:0
[  534286ms] [INFO] [SAFA ROUTE] navigation {from: /, to: /invoices, pathname: /invoices, search: null, navigatedAt: 2026-06-21T10:16:27.320Z} @ https://safa-8f76e--invoice-ux-simplify-3eesi5t2.web.app/_next/static/chunks/0u_z2k12x9vs1.js:0
[  534287ms] [INFO] [SAFA API] -> GET /auth/session {method: GET, path: /auth/session, url: /api/auth/session, body: undefined, requestedAt: 2026-06-21T10:16:27.320Z} @ https://safa-8f76e--invoice-ux-simplify-3eesi5t2.web.app/_next/static/chunks/146jk8mmnoaei.js:0
[  534504ms] [INFO] [SAFA API] <- 200 GET /auth/session (218ms) {method: GET, path: /auth/session, status: 200, statusText: , ok: true} @ https://safa-8f76e--invoice-ux-simplify-3eesi5t2.web.app/_next/static/chunks/146jk8mmnoaei.js:0
[  583841ms] [INFO] [SAFA ROUTE] navigation {from: /invoices, to: /integrations, pathname: /integrations, search: null, navigatedAt: 2026-06-21T10:17:16.874Z} @ https://safa-8f76e--invoice-ux-simplify-3eesi5t2.web.app/_next/static/chunks/0u_z2k12x9vs1.js:0
[  583841ms] [INFO] [SAFA API] -> GET /auth/session {method: GET, path: /auth/session, url: /api/auth/session, body: undefined, requestedAt: 2026-06-21T10:17:16.875Z} @ https://safa-8f76e--invoice-ux-simplify-3eesi5t2.web.app/_next/static/chunks/146jk8mmnoaei.js:0
[  583842ms] [INFO] [SAFA API] -> GET /orders {method: GET, path: /orders, url: /api/orders, body: undefined, requestedAt: 2026-06-21T10:17:16.875Z} @ https://safa-8f76e--invoice-ux-simplify-3eesi5t2.web.app/_next/static/chunks/146jk8mmnoaei.js:0
[  583842ms] [INFO] [SAFA API] -> GET /invoices {method: GET, path: /invoices, url: /api/invoices, body: undefined, requestedAt: 2026-06-21T10:17:16.875Z} @ https://safa-8f76e--invoice-ux-simplify-3eesi5t2.web.app/_next/static/chunks/146jk8mmnoaei.js:0
[  583842ms] [INFO] [SAFA API] -> GET /invoice-drafts {method: GET, path: /invoice-drafts, url: /api/invoice-drafts, body: undefined, requestedAt: 2026-06-21T10:17:16.876Z} @ https://safa-8f76e--invoice-ux-simplify-3eesi5t2.web.app/_next/static/chunks/146jk8mmnoaei.js:0
[  583842ms] [INFO] [SAFA API] -> GET /settings {method: GET, path: /settings, url: /api/settings, body: undefined, requestedAt: 2026-06-21T10:17:16.876Z} @ https://safa-8f76e--invoice-ux-simplify-3eesi5t2.web.app/_next/static/chunks/146jk8mmnoaei.js:0
[  584284ms] [INFO] [SAFA API] <- 200 GET /settings (442ms) {method: GET, path: /settings, status: 200, statusText: , ok: true} @ https://safa-8f76e--invoice-ux-simplify-3eesi5t2.web.app/_next/static/chunks/146jk8mmnoaei.js:0
[  584288ms] [INFO] [SAFA API] <- 200 GET /auth/session (447ms) {method: GET, path: /auth/session, status: 200, statusText: , ok: true} @ https://safa-8f76e--invoice-ux-simplify-3eesi5t2.web.app/_next/static/chunks/146jk8mmnoaei.js:0
[  588295ms] [INFO] [SAFA API] <- 200 GET /invoices (4453ms) {method: GET, path: /invoices, status: 200, statusText: , ok: true} @ https://safa-8f76e--invoice-ux-simplify-3eesi5t2.web.app/_next/static/chunks/146jk8mmnoaei.js:0
[  593733ms] [INFO] [SAFA API] <- 200 GET /invoice-drafts (9887ms) {method: GET, path: /invoice-drafts, status: 200, statusText: , ok: true} @ https://safa-8f76e--invoice-ux-simplify-3eesi5t2.web.app/_next/static/chunks/146jk8mmnoaei.js:0
[  597340ms] [INFO] [SAFA API] <- 200 GET /orders (13496ms) {method: GET, path: /orders, status: 200, statusText: , ok: true} @ https://safa-8f76e--invoice-ux-simplify-3eesi5t2.web.app/_next/static/chunks/146jk8mmnoaei.js:0
[  597340ms] [INFO] [SAFA API] -> GET /settings/connections {method: GET, path: /settings/connections, url: /api/settings/connections, body: undefined, requestedAt: 2026-06-21T10:17:30.373Z} @ https://safa-8f76e--invoice-ux-simplify-3eesi5t2.web.app/_next/static/chunks/146jk8mmnoaei.js:0
[  597340ms] [INFO] [SAFA API] -> GET /external-invoices {method: GET, path: /external-invoices, url: /api/external-invoices, body: undefined, requestedAt: 2026-06-21T10:17:30.374Z} @ https://safa-8f76e--invoice-ux-simplify-3eesi5t2.web.app/_next/static/chunks/146jk8mmnoaei.js:0
[  597341ms] [INFO] [SAFA API] -> GET /jobs {method: GET, path: /jobs, url: /api/jobs, body: undefined, requestedAt: 2026-06-21T10:17:30.374Z} @ https://safa-8f76e--invoice-ux-simplify-3eesi5t2.web.app/_next/static/chunks/146jk8mmnoaei.js:0
[  597341ms] [INFO] [SAFA API] -> GET /automation/status {method: GET, path: /automation/status, url: /api/automation/status, body: undefined, requestedAt: 2026-06-21T10:17:30.375Z} @ https://safa-8f76e--invoice-ux-simplify-3eesi5t2.web.app/_next/static/chunks/146jk8mmnoaei.js:0
[  599555ms] [INFO] [SAFA API] <- 200 GET /settings/connections (2215ms) {method: GET, path: /settings/connections, status: 200, statusText: , ok: true} @ https://safa-8f76e--invoice-ux-simplify-3eesi5t2.web.app/_next/static/chunks/146jk8mmnoaei.js:0
[  601881ms] [INFO] [SAFA API] -> POST /automation/run-now {method: POST, path: /automation/run-now, url: /api/automation/run-now, body: undefined, requestedAt: 2026-06-21T10:17:34.914Z} @ https://safa-8f76e--invoice-ux-simplify-3eesi5t2.web.app/_next/static/chunks/146jk8mmnoaei.js:0
[  602338ms] [INFO] [SAFA API] <- 200 GET /jobs (4951ms) {method: GET, path: /jobs, status: 200, statusText: , ok: true} @ https://safa-8f76e--invoice-ux-simplify-3eesi5t2.web.app/_next/static/chunks/146jk8mmnoaei.js:0
[  603381ms] [INFO] [SAFA API] <- 200 GET /automation/status (6040ms) {method: GET, path: /automation/status, status: 200, statusText: , ok: true} @ https://safa-8f76e--invoice-ux-simplify-3eesi5t2.web.app/_next/static/chunks/146jk8mmnoaei.js:0
[  609603ms] [INFO] [SAFA ROUTE] navigation {from: /integrations, to: /invoices, pathname: /invoices, search: null, navigatedAt: 2026-06-21T10:17:42.637Z} @ https://safa-8f76e--invoice-ux-simplify-3eesi5t2.web.app/_next/static/chunks/0u_z2k12x9vs1.js:0
[  609604ms] [INFO] [SAFA API] -> GET /auth/session {method: GET, path: /auth/session, url: /api/auth/session, body: undefined, requestedAt: 2026-06-21T10:17:42.637Z} @ https://safa-8f76e--invoice-ux-simplify-3eesi5t2.web.app/_next/static/chunks/146jk8mmnoaei.js:0
[  610369ms] [INFO] [SAFA API] <- 200 GET /external-invoices (13022ms) {method: GET, path: /external-invoices, status: 200, statusText: , ok: true} @ https://safa-8f76e--invoice-ux-simplify-3eesi5t2.web.app/_next/static/chunks/146jk8mmnoaei.js:0
[  610370ms] [INFO] [SAFA API] -> GET /products {method: GET, path: /products, url: /api/products, body: undefined, requestedAt: 2026-06-21T10:17:43.403Z} @ https://safa-8f76e--invoice-ux-simplify-3eesi5t2.web.app/_next/static/chunks/146jk8mmnoaei.js:0
[  610370ms] [INFO] [SAFA API] -> GET /integrations/hepsiburada/order-lines {method: GET, path: /integrations/hepsiburada/order-lines, url: /api/integrations/hepsiburada/order-lines, body: undefined, requestedAt: 2026-06-21T10:17:43.403Z} @ https://safa-8f76e--invoice-ux-simplify-3eesi5t2.web.app/_next/static/chunks/146jk8mmnoaei.js:0
[  612864ms] [INFO] [SAFA API] <- 201 POST /automation/run-now (10984ms) {method: POST, path: /automation/run-now, status: 201, statusText: , ok: true} @ https://safa-8f76e--invoice-ux-simplify-3eesi5t2.web.app/_next/static/chunks/146jk8mmnoaei.js:0
[  612865ms] [INFO] [SAFA API] -> POST /jobs/de4d0efc-8512-4620-888e-f2959b64e195/run-next {method: POST, path: /jobs/de4d0efc-8512-4620-888e-f2959b64e195/run-next, url: /api/jobs/de4d0efc-8512-4620-888e-f2959b64e195/run-next, body: undefined, requestedAt: 2026-06-21T10:17:45.899Z} @ https://safa-8f76e--invoice-ux-simplify-3eesi5t2.web.app/_next/static/chunks/146jk8mmnoaei.js:0
[  612868ms] [INFO] [SAFA API] <- 200 GET /auth/session (3265ms) {method: GET, path: /auth/session, status: 200, statusText: , ok: true} @ https://safa-8f76e--invoice-ux-simplify-3eesi5t2.web.app/_next/static/chunks/146jk8mmnoaei.js:0
[  613916ms] [INFO] [SAFA API] <- 200 GET /integrations/hepsiburada/order-lines (3546ms) {method: GET, path: /integrations/hepsiburada/order-lines, status: 200, statusText: , ok: true} @ https://safa-8f76e--invoice-ux-simplify-3eesi5t2.web.app/_next/static/chunks/146jk8mmnoaei.js:0
[  613916ms] [INFO] [SAFA API] <- 200 GET /products (3546ms) {method: GET, path: /products, status: 200, statusText: , ok: true} @ https://safa-8f76e--invoice-ux-simplify-3eesi5t2.web.app/_next/static/chunks/146jk8mmnoaei.js:0
[  613916ms] [INFO] [SAFA API] <- 201 POST /jobs/de4d0efc-8512-4620-888e-f2959b64e195/run-next (1051ms) {method: POST, path: /jobs/de4d0efc-8512-4620-888e-f2959b64e195/run-next, status: 201, statusText: , ok: true} @ https://safa-8f76e--invoice-ux-simplify-3eesi5t2.web.app/_next/static/chunks/146jk8mmnoaei.js:0
[  614268ms] [INFO] [SAFA API] -> POST /jobs/de4d0efc-8512-4620-888e-f2959b64e195/run-next {method: POST, path: /jobs/de4d0efc-8512-4620-888e-f2959b64e195/run-next, url: /api/jobs/de4d0efc-8512-4620-888e-f2959b64e195/run-next, body: undefined, requestedAt: 2026-06-21T10:17:47.301Z} @ https://safa-8f76e--invoice-ux-simplify-3eesi5t2.web.app/_next/static/chunks/146jk8mmnoaei.js:0
[  617577ms] [INFO] [SAFA API] -> POST /automation/run-now {method: POST, path: /automation/run-now, url: /api/automation/run-now, body: undefined, requestedAt: 2026-06-21T10:17:50.611Z} @ https://safa-8f76e--invoice-ux-simplify-3eesi5t2.web.app/_next/static/chunks/146jk8mmnoaei.js:0
[  619799ms] [INFO] [SAFA API] <- 201 POST /automation/run-now (2222ms) {method: POST, path: /automation/run-now, status: 201, statusText: , ok: true} @ https://safa-8f76e--invoice-ux-simplify-3eesi5t2.web.app/_next/static/chunks/146jk8mmnoaei.js:0
[  619799ms] [INFO] [SAFA API] -> POST /jobs/de4d0efc-8512-4620-888e-f2959b64e195/run-next {method: POST, path: /jobs/de4d0efc-8512-4620-888e-f2959b64e195/run-next, url: /api/jobs/de4d0efc-8512-4620-888e-f2959b64e195/run-next, body: undefined, requestedAt: 2026-06-21T10:17:52.833Z} @ https://safa-8f76e--invoice-ux-simplify-3eesi5t2.web.app/_next/static/chunks/146jk8mmnoaei.js:0
[  623504ms] [INFO] [SAFA ROUTE] navigation {from: /invoices, to: /orders, pathname: /orders, search: null, navigatedAt: 2026-06-21T10:17:56.538Z} @ https://safa-8f76e--invoice-ux-simplify-3eesi5t2.web.app/_next/static/chunks/0u_z2k12x9vs1.js:0
[  623504ms] [INFO] [SAFA API] -> GET /auth/session {method: GET, path: /auth/session, url: /api/auth/session, body: undefined, requestedAt: 2026-06-21T10:17:56.538Z} @ https://safa-8f76e--invoice-ux-simplify-3eesi5t2.web.app/_next/static/chunks/146jk8mmnoaei.js:0
[  623717ms] [INFO] [SAFA API] <- 200 GET /auth/session (213ms) {method: GET, path: /auth/session, status: 200, statusText: , ok: true} @ https://safa-8f76e--invoice-ux-simplify-3eesi5t2.web.app/_next/static/chunks/146jk8mmnoaei.js:0
[  634383ms] [INFO] [SAFA API] <- 201 POST /jobs/de4d0efc-8512-4620-888e-f2959b64e195/run-next (20115ms) {method: POST, path: /jobs/de4d0efc-8512-4620-888e-f2959b64e195/run-next, status: 201, statusText: , ok: true} @ https://safa-8f76e--invoice-ux-simplify-3eesi5t2.web.app/_next/static/chunks/146jk8mmnoaei.js:0
[  634737ms] [INFO] [SAFA API] -> POST /jobs/de4d0efc-8512-4620-888e-f2959b64e195/run-next {method: POST, path: /jobs/de4d0efc-8512-4620-888e-f2959b64e195/run-next, url: /api/jobs/de4d0efc-8512-4620-888e-f2959b64e195/run-next, body: undefined, requestedAt: 2026-06-21T10:18:07.771Z} @ https://safa-8f76e--invoice-ux-simplify-3eesi5t2.web.app/_next/static/chunks/146jk8mmnoaei.js:0
[  638591ms] [INFO] [SAFA ROUTE] navigation {from: /orders, to: /invoices, pathname: /invoices, search: null, navigatedAt: 2026-06-21T10:18:11.625Z} @ https://safa-8f76e--invoice-ux-simplify-3eesi5t2.web.app/_next/static/chunks/0u_z2k12x9vs1.js:0
[  638592ms] [INFO] [SAFA API] -> GET /auth/session {method: GET, path: /auth/session, url: /api/auth/session, body: undefined, requestedAt: 2026-06-21T10:18:11.625Z} @ https://safa-8f76e--invoice-ux-simplify-3eesi5t2.web.app/_next/static/chunks/146jk8mmnoaei.js:0
[  638863ms] [INFO] [SAFA API] <- 200 GET /auth/session (271ms) {method: GET, path: /auth/session, status: 200, statusText: , ok: true} @ https://safa-8f76e--invoice-ux-simplify-3eesi5t2.web.app/_next/static/chunks/146jk8mmnoaei.js:0
[  639870ms] [INFO] [SAFA API] <- 201 POST /jobs/de4d0efc-8512-4620-888e-f2959b64e195/run-next (20070ms) {method: POST, path: /jobs/de4d0efc-8512-4620-888e-f2959b64e195/run-next, status: 201, statusText: , ok: true} @ https://safa-8f76e--invoice-ux-simplify-3eesi5t2.web.app/_next/static/chunks/146jk8mmnoaei.js:0
[  640228ms] [INFO] [SAFA API] -> POST /jobs/de4d0efc-8512-4620-888e-f2959b64e195/run-next {method: POST, path: /jobs/de4d0efc-8512-4620-888e-f2959b64e195/run-next, url: /api/jobs/de4d0efc-8512-4620-888e-f2959b64e195/run-next, body: undefined, requestedAt: 2026-06-21T10:18:13.261Z} @ https://safa-8f76e--invoice-ux-simplify-3eesi5t2.web.app/_next/static/chunks/146jk8mmnoaei.js:0
[  654930ms] [INFO] [SAFA API] -> POST /external-invoices/sync/gib-portal/apply/jobs {method: POST, path: /external-invoices/sync/gib-portal/apply/jobs, url: /api/external-invoices/sync/gib-portal/apply/jobs, body: Object, requestedAt: 2026-06-21T10:18:27.963Z} @ https://safa-8f76e--invoice-ux-simplify-3eesi5t2.web.app/_next/static/chunks/146jk8mmnoaei.js:0
[  656060ms] [INFO] [SAFA API] <- 201 POST /external-invoices/sync/gib-portal/apply/jobs (1130ms) {method: POST, path: /external-invoices/sync/gib-portal/apply/jobs, status: 201, statusText: , ok: true} @ https://safa-8f76e--invoice-ux-simplify-3eesi5t2.web.app/_next/static/chunks/146jk8mmnoaei.js:0
[  656060ms] [INFO] [SAFA API] -> POST /jobs/e08f5e78-2d1a-45a1-a37b-cfc57d0d4ec4/run-next {method: POST, path: /jobs/e08f5e78-2d1a-45a1-a37b-cfc57d0d4ec4/run-next, url: /api/jobs/e08f5e78-2d1a-45a1-a37b-cfc57d0d4ec4/run-next, body: undefined, requestedAt: 2026-06-21T10:18:29.093Z} @ https://safa-8f76e--invoice-ux-simplify-3eesi5t2.web.app/_next/static/chunks/146jk8mmnoaei.js:0
[  657600ms] [INFO] [SAFA API] <- 201 POST /jobs/e08f5e78-2d1a-45a1-a37b-cfc57d0d4ec4/run-next (1540ms) {method: POST, path: /jobs/e08f5e78-2d1a-45a1-a37b-cfc57d0d4ec4/run-next, status: 201, statusText: , ok: true} @ https://safa-8f76e--invoice-ux-simplify-3eesi5t2.web.app/_next/static/chunks/146jk8mmnoaei.js:0
[  657952ms] [INFO] [SAFA API] -> POST /jobs/e08f5e78-2d1a-45a1-a37b-cfc57d0d4ec4/run-next {method: POST, path: /jobs/e08f5e78-2d1a-45a1-a37b-cfc57d0d4ec4/run-next, url: /api/jobs/e08f5e78-2d1a-45a1-a37b-cfc57d0d4ec4/run-next, body: undefined, requestedAt: 2026-06-21T10:18:30.985Z} @ https://safa-8f76e--invoice-ux-simplify-3eesi5t2.web.app/_next/static/chunks/146jk8mmnoaei.js:0
[  663802ms] [INFO] [SAFA API] -> POST /external-invoices/sync/gib-portal/preview {method: POST, path: /external-invoices/sync/gib-portal/preview, url: /api/external-invoices/sync/gib-portal/preview, body: Object, requestedAt: 2026-06-21T10:18:36.835Z} @ https://safa-8f76e--invoice-ux-simplify-3eesi5t2.web.app/_next/static/chunks/146jk8mmnoaei.js:0
[  669651ms] [INFO] [SAFA API] <- 201 POST /jobs/e08f5e78-2d1a-45a1-a37b-cfc57d0d4ec4/run-next (11699ms) {method: POST, path: /jobs/e08f5e78-2d1a-45a1-a37b-cfc57d0d4ec4/run-next, status: 201, statusText: , ok: true} @ https://safa-8f76e--invoice-ux-simplify-3eesi5t2.web.app/_next/static/chunks/146jk8mmnoaei.js:0
[  670003ms] [INFO] [SAFA API] -> POST /jobs/e08f5e78-2d1a-45a1-a37b-cfc57d0d4ec4/run-next {method: POST, path: /jobs/e08f5e78-2d1a-45a1-a37b-cfc57d0d4ec4/run-next, url: /api/jobs/e08f5e78-2d1a-45a1-a37b-cfc57d0d4ec4/run-next, body: undefined, requestedAt: 2026-06-21T10:18:43.036Z} @ https://safa-8f76e--invoice-ux-simplify-3eesi5t2.web.app/_next/static/chunks/146jk8mmnoaei.js:0
[  678756ms] [INFO] [SAFA API] <- 201 POST /external-invoices/sync/gib-portal/preview (14950ms) {method: POST, path: /external-invoices/sync/gib-portal/preview, status: 201, statusText: , ok: true} @ https://safa-8f76e--invoice-ux-simplify-3eesi5t2.web.app/_next/static/chunks/146jk8mmnoaei.js:0
[  687310ms] [INFO] [SAFA API] <- 201 POST /jobs/e08f5e78-2d1a-45a1-a37b-cfc57d0d4ec4/run-next (17307ms) {method: POST, path: /jobs/e08f5e78-2d1a-45a1-a37b-cfc57d0d4ec4/run-next, status: 201, statusText: , ok: true} @ https://safa-8f76e--invoice-ux-simplify-3eesi5t2.web.app/_next/static/chunks/146jk8mmnoaei.js:0
[  687713ms] [INFO] [SAFA API] -> POST /jobs/e08f5e78-2d1a-45a1-a37b-cfc57d0d4ec4/run-next {method: POST, path: /jobs/e08f5e78-2d1a-45a1-a37b-cfc57d0d4ec4/run-next, url: /api/jobs/e08f5e78-2d1a-45a1-a37b-cfc57d0d4ec4/run-next, body: undefined, requestedAt: 2026-06-21T10:19:00.747Z} @ https://safa-8f76e--invoice-ux-simplify-3eesi5t2.web.app/_next/static/chunks/146jk8mmnoaei.js:0
[  694809ms] [ERROR] Failed to load resource: the server responded with a status of 502 () @ https://safa-8f76e--invoice-ux-simplify-3eesi5t2.web.app/api/jobs/de4d0efc-8512-4620-888e-f2959b64e195/run-next:0
[  694811ms] [WARNING] [SAFA API] <- 502 POST /jobs/de4d0efc-8512-4620-888e-f2959b64e195/run-next (60073ms) {method: POST, path: /jobs/de4d0efc-8512-4620-888e-f2959b64e195/run-next, status: 502, statusText: , ok: false} @ https://safa-8f76e--invoice-ux-simplify-3eesi5t2.web.app/_next/static/chunks/146jk8mmnoaei.js:0
[  696013ms] [INFO] [SAFA API] -> GET /jobs/de4d0efc-8512-4620-888e-f2959b64e195 {method: GET, path: /jobs/de4d0efc-8512-4620-888e-f2959b64e195, url: /api/jobs/de4d0efc-8512-4620-888e-f2959b64e195, body: undefined, requestedAt: 2026-06-21T10:19:09.046Z} @ https://safa-8f76e--invoice-ux-simplify-3eesi5t2.web.app/_next/static/chunks/146jk8mmnoaei.js:0
[  700325ms] [ERROR] Failed to load resource: the server responded with a status of 504 () @ https://safa-8f76e--invoice-ux-simplify-3eesi5t2.web.app/api/jobs/de4d0efc-8512-4620-888e-f2959b64e195/run-next:0
[  700326ms] [WARNING] [SAFA API] <- 504 POST /jobs/de4d0efc-8512-4620-888e-f2959b64e195/run-next (60098ms) {method: POST, path: /jobs/de4d0efc-8512-4620-888e-f2959b64e195/run-next, status: 504, statusText: , ok: false} @ https://safa-8f76e--invoice-ux-simplify-3eesi5t2.web.app/_next/static/chunks/146jk8mmnoaei.js:0
[  701163ms] [INFO] [SAFA API] <- 201 POST /jobs/e08f5e78-2d1a-45a1-a37b-cfc57d0d4ec4/run-next (13450ms) {method: POST, path: /jobs/e08f5e78-2d1a-45a1-a37b-cfc57d0d4ec4/run-next, status: 201, statusText: , ok: true} @ https://safa-8f76e--invoice-ux-simplify-3eesi5t2.web.app/_next/static/chunks/146jk8mmnoaei.js:0
[  701651ms] [INFO] [SAFA API] -> POST /jobs/e08f5e78-2d1a-45a1-a37b-cfc57d0d4ec4/run-next {method: POST, path: /jobs/e08f5e78-2d1a-45a1-a37b-cfc57d0d4ec4/run-next, url: /api/jobs/e08f5e78-2d1a-45a1-a37b-cfc57d0d4ec4/run-next, body: undefined, requestedAt: 2026-06-21T10:19:14.684Z} @ https://safa-8f76e--invoice-ux-simplify-3eesi5t2.web.app/_next/static/chunks/146jk8mmnoaei.js:0
[  703885ms] [INFO] [SAFA API] <- 200 GET /jobs/de4d0efc-8512-4620-888e-f2959b64e195 (7872ms) {method: GET, path: /jobs/de4d0efc-8512-4620-888e-f2959b64e195, status: 200, statusText: , ok: true} @ https://safa-8f76e--invoice-ux-simplify-3eesi5t2.web.app/_next/static/chunks/146jk8mmnoaei.js:0
[  704237ms] [INFO] [SAFA API] -> POST /jobs/de4d0efc-8512-4620-888e-f2959b64e195/run-next {method: POST, path: /jobs/de4d0efc-8512-4620-888e-f2959b64e195/run-next, url: /api/jobs/de4d0efc-8512-4620-888e-f2959b64e195/run-next, body: undefined, requestedAt: 2026-06-21T10:19:17.271Z} @ https://safa-8f76e--invoice-ux-simplify-3eesi5t2.web.app/_next/static/chunks/146jk8mmnoaei.js:0
[  715955ms] [INFO] [SAFA API] <- 201 POST /jobs/e08f5e78-2d1a-45a1-a37b-cfc57d0d4ec4/run-next (14304ms) {method: POST, path: /jobs/e08f5e78-2d1a-45a1-a37b-cfc57d0d4ec4/run-next, status: 201, statusText: , ok: true} @ https://safa-8f76e--invoice-ux-simplify-3eesi5t2.web.app/_next/static/chunks/146jk8mmnoaei.js:0
[  716358ms] [INFO] [SAFA API] -> POST /jobs/e08f5e78-2d1a-45a1-a37b-cfc57d0d4ec4/run-next {method: POST, path: /jobs/e08f5e78-2d1a-45a1-a37b-cfc57d0d4ec4/run-next, url: /api/jobs/e08f5e78-2d1a-45a1-a37b-cfc57d0d4ec4/run-next, body: undefined, requestedAt: 2026-06-21T10:19:29.391Z} @ https://safa-8f76e--invoice-ux-simplify-3eesi5t2.web.app/_next/static/chunks/146jk8mmnoaei.js:0
[  736621ms] [INFO] [SAFA API] <- 201 POST /jobs/e08f5e78-2d1a-45a1-a37b-cfc57d0d4ec4/run-next (20263ms) {method: POST, path: /jobs/e08f5e78-2d1a-45a1-a37b-cfc57d0d4ec4/run-next, status: 201, statusText: , ok: true} @ https://safa-8f76e--invoice-ux-simplify-3eesi5t2.web.app/_next/static/chunks/146jk8mmnoaei.js:0
[  737008ms] [INFO] [SAFA API] -> POST /jobs/e08f5e78-2d1a-45a1-a37b-cfc57d0d4ec4/run-next {method: POST, path: /jobs/e08f5e78-2d1a-45a1-a37b-cfc57d0d4ec4/run-next, url: /api/jobs/e08f5e78-2d1a-45a1-a37b-cfc57d0d4ec4/run-next, body: undefined, requestedAt: 2026-06-21T10:19:50.042Z} @ https://safa-8f76e--invoice-ux-simplify-3eesi5t2.web.app/_next/static/chunks/146jk8mmnoaei.js:0
[  751647ms] [INFO] [SAFA API] <- 201 POST /jobs/e08f5e78-2d1a-45a1-a37b-cfc57d0d4ec4/run-next (14639ms) {method: POST, path: /jobs/e08f5e78-2d1a-45a1-a37b-cfc57d0d4ec4/run-next, status: 201, statusText: , ok: true} @ https://safa-8f76e--invoice-ux-simplify-3eesi5t2.web.app/_next/static/chunks/146jk8mmnoaei.js:0
[  751648ms] [INFO] [SAFA API] -> GET /orders {method: GET, path: /orders, url: /api/orders, body: undefined, requestedAt: 2026-06-21T10:20:04.681Z} @ https://safa-8f76e--invoice-ux-simplify-3eesi5t2.web.app/_next/static/chunks/146jk8mmnoaei.js:0
[  751648ms] [INFO] [SAFA API] -> GET /invoices {method: GET, path: /invoices, url: /api/invoices, body: undefined, requestedAt: 2026-06-21T10:20:04.682Z} @ https://safa-8f76e--invoice-ux-simplify-3eesi5t2.web.app/_next/static/chunks/146jk8mmnoaei.js:0
[  751649ms] [INFO] [SAFA API] -> GET /invoice-drafts {method: GET, path: /invoice-drafts, url: /api/invoice-drafts, body: undefined, requestedAt: 2026-06-21T10:20:04.682Z} @ https://safa-8f76e--invoice-ux-simplify-3eesi5t2.web.app/_next/static/chunks/146jk8mmnoaei.js:0
[  751649ms] [INFO] [SAFA API] -> GET /settings {method: GET, path: /settings, url: /api/settings, body: undefined, requestedAt: 2026-06-21T10:20:04.683Z} @ https://safa-8f76e--invoice-ux-simplify-3eesi5t2.web.app/_next/static/chunks/146jk8mmnoaei.js:0
[  758997ms] [INFO] [SAFA API] <- 200 GET /invoices (7348ms) {method: GET, path: /invoices, status: 200, statusText: , ok: true} @ https://safa-8f76e--invoice-ux-simplify-3eesi5t2.web.app/_next/static/chunks/146jk8mmnoaei.js:0
[  764309ms] [ERROR] Failed to load resource: the server responded with a status of 502 () @ https://safa-8f76e--invoice-ux-simplify-3eesi5t2.web.app/api/jobs/de4d0efc-8512-4620-888e-f2959b64e195/run-next:0
[  764310ms] [WARNING] [SAFA API] <- 502 POST /jobs/de4d0efc-8512-4620-888e-f2959b64e195/run-next (60072ms) {method: POST, path: /jobs/de4d0efc-8512-4620-888e-f2959b64e195/run-next, status: 502, statusText: , ok: false} @ https://safa-8f76e--invoice-ux-simplify-3eesi5t2.web.app/_next/static/chunks/146jk8mmnoaei.js:0
[  765513ms] [INFO] [SAFA API] -> GET /jobs/de4d0efc-8512-4620-888e-f2959b64e195 {method: GET, path: /jobs/de4d0efc-8512-4620-888e-f2959b64e195, url: /api/jobs/de4d0efc-8512-4620-888e-f2959b64e195, body: undefined, requestedAt: 2026-06-21T10:20:18.546Z} @ https://safa-8f76e--invoice-ux-simplify-3eesi5t2.web.app/_next/static/chunks/146jk8mmnoaei.js:0
[  767713ms] [INFO] [SAFA API] <- 200 GET /invoice-drafts (16061ms) {method: GET, path: /invoice-drafts, status: 200, statusText: , ok: true} @ https://safa-8f76e--invoice-ux-simplify-3eesi5t2.web.app/_next/static/chunks/146jk8mmnoaei.js:0
[  775792ms] [INFO] [SAFA API] <- 200 GET /orders (24142ms) {method: GET, path: /orders, status: 200, statusText: , ok: true} @ https://safa-8f76e--invoice-ux-simplify-3eesi5t2.web.app/_next/static/chunks/146jk8mmnoaei.js:0
[  792021ms] [INFO] [SAFA API] <- 200 GET /settings (40371ms) {method: GET, path: /settings, status: 200, statusText: , ok: true} @ https://safa-8f76e--invoice-ux-simplify-3eesi5t2.web.app/_next/static/chunks/146jk8mmnoaei.js:0
[  792021ms] [INFO] [SAFA API] -> GET /settings/connections {method: GET, path: /settings/connections, url: /api/settings/connections, body: undefined, requestedAt: 2026-06-21T10:20:45.055Z} @ https://safa-8f76e--invoice-ux-simplify-3eesi5t2.web.app/_next/static/chunks/146jk8mmnoaei.js:0
[  792022ms] [INFO] [SAFA API] -> GET /external-invoices {method: GET, path: /external-invoices, url: /api/external-invoices, body: undefined, requestedAt: 2026-06-21T10:20:45.055Z} @ https://safa-8f76e--invoice-ux-simplify-3eesi5t2.web.app/_next/static/chunks/146jk8mmnoaei.js:0
[  792022ms] [INFO] [SAFA API] -> GET /jobs {method: GET, path: /jobs, url: /api/jobs, body: undefined, requestedAt: 2026-06-21T10:20:45.056Z} @ https://safa-8f76e--invoice-ux-simplify-3eesi5t2.web.app/_next/static/chunks/146jk8mmnoaei.js:0
[  792022ms] [INFO] [SAFA API] -> GET /automation/status {method: GET, path: /automation/status, url: /api/automation/status, body: undefined, requestedAt: 2026-06-21T10:20:45.056Z} @ https://safa-8f76e--invoice-ux-simplify-3eesi5t2.web.app/_next/static/chunks/146jk8mmnoaei.js:0
[  792029ms] [INFO] [SAFA API] <- 200 GET /jobs/de4d0efc-8512-4620-888e-f2959b64e195 (26516ms) {method: GET, path: /jobs/de4d0efc-8512-4620-888e-f2959b64e195, status: 200, statusText: , ok: true} @ https://safa-8f76e--invoice-ux-simplify-3eesi5t2.web.app/_next/static/chunks/146jk8mmnoaei.js:0
[  792163ms] [INFO] [SAFA API] <- 200 GET /settings/connections (141ms) {method: GET, path: /settings/connections, status: 200, statusText: , ok: true} @ https://safa-8f76e--invoice-ux-simplify-3eesi5t2.web.app/_next/static/chunks/146jk8mmnoaei.js:0
[  792380ms] [INFO] [SAFA API] -> POST /jobs/de4d0efc-8512-4620-888e-f2959b64e195/run-next {method: POST, path: /jobs/de4d0efc-8512-4620-888e-f2959b64e195/run-next, url: /api/jobs/de4d0efc-8512-4620-888e-f2959b64e195/run-next, body: undefined, requestedAt: 2026-06-21T10:20:45.414Z} @ https://safa-8f76e--invoice-ux-simplify-3eesi5t2.web.app/_next/static/chunks/146jk8mmnoaei.js:0
[  796596ms] [INFO] [SAFA API] <- 200 GET /jobs (4548ms) {method: GET, path: /jobs, status: 200, statusText: , ok: true} @ https://safa-8f76e--invoice-ux-simplify-3eesi5t2.web.app/_next/static/chunks/146jk8mmnoaei.js:0
[  796825ms] [INFO] [SAFA API] <- 201 POST /jobs/de4d0efc-8512-4620-888e-f2959b64e195/run-next (4445ms) {method: POST, path: /jobs/de4d0efc-8512-4620-888e-f2959b64e195/run-next, status: 201, statusText: , ok: true} @ https://safa-8f76e--invoice-ux-simplify-3eesi5t2.web.app/_next/static/chunks/146jk8mmnoaei.js:0
[  797176ms] [INFO] [SAFA API] -> POST /jobs/de4d0efc-8512-4620-888e-f2959b64e195/run-next {method: POST, path: /jobs/de4d0efc-8512-4620-888e-f2959b64e195/run-next, url: /api/jobs/de4d0efc-8512-4620-888e-f2959b64e195/run-next, body: undefined, requestedAt: 2026-06-21T10:20:50.209Z} @ https://safa-8f76e--invoice-ux-simplify-3eesi5t2.web.app/_next/static/chunks/146jk8mmnoaei.js:0
[  805657ms] [INFO] [SAFA API] <- 200 GET /external-invoices (13629ms) {method: GET, path: /external-invoices, status: 200, statusText: , ok: true} @ https://safa-8f76e--invoice-ux-simplify-3eesi5t2.web.app/_next/static/chunks/146jk8mmnoaei.js:0
[  808960ms] [INFO] [SAFA API] <- 200 GET /automation/status (16938ms) {method: GET, path: /automation/status, status: 200, statusText: , ok: true} @ https://safa-8f76e--invoice-ux-simplify-3eesi5t2.web.app/_next/static/chunks/146jk8mmnoaei.js:0
[  808961ms] [INFO] [SAFA API] -> GET /products {method: GET, path: /products, url: /api/products, body: undefined, requestedAt: 2026-06-21T10:21:01.994Z} @ https://safa-8f76e--invoice-ux-simplify-3eesi5t2.web.app/_next/static/chunks/146jk8mmnoaei.js:0
[  808961ms] [INFO] [SAFA API] -> GET /integrations/hepsiburada/order-lines {method: GET, path: /integrations/hepsiburada/order-lines, url: /api/integrations/hepsiburada/order-lines, body: undefined, requestedAt: 2026-06-21T10:21:01.995Z} @ https://safa-8f76e--invoice-ux-simplify-3eesi5t2.web.app/_next/static/chunks/146jk8mmnoaei.js:0
[  813116ms] [INFO] [SAFA API] <- 200 GET /integrations/hepsiburada/order-lines (4154ms) {method: GET, path: /integrations/hepsiburada/order-lines, status: 200, statusText: , ok: true} @ https://safa-8f76e--invoice-ux-simplify-3eesi5t2.web.app/_next/static/chunks/146jk8mmnoaei.js:0
[  813127ms] [INFO] [SAFA API] <- 200 GET /products (4166ms) {method: GET, path: /products, status: 200, statusText: , ok: true} @ https://safa-8f76e--invoice-ux-simplify-3eesi5t2.web.app/_next/static/chunks/146jk8mmnoaei.js:0
[  813935ms] [INFO] [SAFA API] <- 201 POST /jobs/de4d0efc-8512-4620-888e-f2959b64e195/run-next (16759ms) {method: POST, path: /jobs/de4d0efc-8512-4620-888e-f2959b64e195/run-next, status: 201, statusText: , ok: true} @ https://safa-8f76e--invoice-ux-simplify-3eesi5t2.web.app/_next/static/chunks/146jk8mmnoaei.js:0
[  814287ms] [INFO] [SAFA API] -> POST /jobs/de4d0efc-8512-4620-888e-f2959b64e195/run-next {method: POST, path: /jobs/de4d0efc-8512-4620-888e-f2959b64e195/run-next, url: /api/jobs/de4d0efc-8512-4620-888e-f2959b64e195/run-next, body: undefined, requestedAt: 2026-06-21T10:21:07.321Z} @ https://safa-8f76e--invoice-ux-simplify-3eesi5t2.web.app/_next/static/chunks/146jk8mmnoaei.js:0
[  824914ms] [INFO] [SAFA API] <- 201 POST /jobs/de4d0efc-8512-4620-888e-f2959b64e195/run-next (10626ms) {method: POST, path: /jobs/de4d0efc-8512-4620-888e-f2959b64e195/run-next, status: 201, statusText: , ok: true} @ https://safa-8f76e--invoice-ux-simplify-3eesi5t2.web.app/_next/static/chunks/146jk8mmnoaei.js:0
[  825265ms] [INFO] [SAFA API] -> POST /jobs/de4d0efc-8512-4620-888e-f2959b64e195/run-next {method: POST, path: /jobs/de4d0efc-8512-4620-888e-f2959b64e195/run-next, url: /api/jobs/de4d0efc-8512-4620-888e-f2959b64e195/run-next, body: undefined, requestedAt: 2026-06-21T10:21:18.299Z} @ https://safa-8f76e--invoice-ux-simplify-3eesi5t2.web.app/_next/static/chunks/146jk8mmnoaei.js:0
[  838377ms] [INFO] [SAFA API] <- 201 POST /jobs/de4d0efc-8512-4620-888e-f2959b64e195/run-next (13112ms) {method: POST, path: /jobs/de4d0efc-8512-4620-888e-f2959b64e195/run-next, status: 201, statusText: , ok: true} @ https://safa-8f76e--invoice-ux-simplify-3eesi5t2.web.app/_next/static/chunks/146jk8mmnoaei.js:0
[  838729ms] [INFO] [SAFA API] -> POST /jobs/de4d0efc-8512-4620-888e-f2959b64e195/run-next {method: POST, path: /jobs/de4d0efc-8512-4620-888e-f2959b64e195/run-next, url: /api/jobs/de4d0efc-8512-4620-888e-f2959b64e195/run-next, body: undefined, requestedAt: 2026-06-21T10:21:31.762Z} @ https://safa-8f76e--invoice-ux-simplify-3eesi5t2.web.app/_next/static/chunks/146jk8mmnoaei.js:0
[  852197ms] [INFO] [SAFA API] <- 201 POST /jobs/de4d0efc-8512-4620-888e-f2959b64e195/run-next (13468ms) {method: POST, path: /jobs/de4d0efc-8512-4620-888e-f2959b64e195/run-next, status: 201, statusText: , ok: true} @ https://safa-8f76e--invoice-ux-simplify-3eesi5t2.web.app/_next/static/chunks/146jk8mmnoaei.js:0
[  852550ms] [INFO] [SAFA API] -> POST /jobs/de4d0efc-8512-4620-888e-f2959b64e195/run-next {method: POST, path: /jobs/de4d0efc-8512-4620-888e-f2959b64e195/run-next, url: /api/jobs/de4d0efc-8512-4620-888e-f2959b64e195/run-next, body: undefined, requestedAt: 2026-06-21T10:21:45.583Z} @ https://safa-8f76e--invoice-ux-simplify-3eesi5t2.web.app/_next/static/chunks/146jk8mmnoaei.js:0
[  869398ms] [INFO] [SAFA API] <- 201 POST /jobs/de4d0efc-8512-4620-888e-f2959b64e195/run-next (16849ms) {method: POST, path: /jobs/de4d0efc-8512-4620-888e-f2959b64e195/run-next, status: 201, statusText: , ok: true} @ https://safa-8f76e--invoice-ux-simplify-3eesi5t2.web.app/_next/static/chunks/146jk8mmnoaei.js:0
[  869750ms] [INFO] [SAFA API] -> POST /jobs/de4d0efc-8512-4620-888e-f2959b64e195/run-next {method: POST, path: /jobs/de4d0efc-8512-4620-888e-f2959b64e195/run-next, url: /api/jobs/de4d0efc-8512-4620-888e-f2959b64e195/run-next, body: undefined, requestedAt: 2026-06-21T10:22:02.783Z} @ https://safa-8f76e--invoice-ux-simplify-3eesi5t2.web.app/_next/static/chunks/146jk8mmnoaei.js:0
[  881040ms] [INFO] [SAFA API] <- 201 POST /jobs/de4d0efc-8512-4620-888e-f2959b64e195/run-next (11290ms) {method: POST, path: /jobs/de4d0efc-8512-4620-888e-f2959b64e195/run-next, status: 201, statusText: , ok: true} @ https://safa-8f76e--invoice-ux-simplify-3eesi5t2.web.app/_next/static/chunks/146jk8mmnoaei.js:0
[  881391ms] [INFO] [SAFA API] -> POST /jobs/de4d0efc-8512-4620-888e-f2959b64e195/run-next {method: POST, path: /jobs/de4d0efc-8512-4620-888e-f2959b64e195/run-next, url: /api/jobs/de4d0efc-8512-4620-888e-f2959b64e195/run-next, body: undefined, requestedAt: 2026-06-21T10:22:14.424Z} @ https://safa-8f76e--invoice-ux-simplify-3eesi5t2.web.app/_next/static/chunks/146jk8mmnoaei.js:0
[  891562ms] [INFO] [SAFA API] <- 201 POST /jobs/de4d0efc-8512-4620-888e-f2959b64e195/run-next (10171ms) {method: POST, path: /jobs/de4d0efc-8512-4620-888e-f2959b64e195/run-next, status: 201, statusText: , ok: true} @ https://safa-8f76e--invoice-ux-simplify-3eesi5t2.web.app/_next/static/chunks/146jk8mmnoaei.js:0
[  891914ms] [INFO] [SAFA API] -> POST /jobs/de4d0efc-8512-4620-888e-f2959b64e195/run-next {method: POST, path: /jobs/de4d0efc-8512-4620-888e-f2959b64e195/run-next, url: /api/jobs/de4d0efc-8512-4620-888e-f2959b64e195/run-next, body: undefined, requestedAt: 2026-06-21T10:22:24.947Z} @ https://safa-8f76e--invoice-ux-simplify-3eesi5t2.web.app/_next/static/chunks/146jk8mmnoaei.js:0
[  896611ms] [INFO] [SAFA API] <- 201 POST /jobs/de4d0efc-8512-4620-888e-f2959b64e195/run-next (4697ms) {method: POST, path: /jobs/de4d0efc-8512-4620-888e-f2959b64e195/run-next, status: 201, statusText: , ok: true} @ https://safa-8f76e--invoice-ux-simplify-3eesi5t2.web.app/_next/static/chunks/146jk8mmnoaei.js:0
[  896611ms] [INFO] [SAFA API] -> GET /orders {method: GET, path: /orders, url: /api/orders, body: undefined, requestedAt: 2026-06-21T10:22:29.645Z} @ https://safa-8f76e--invoice-ux-simplify-3eesi5t2.web.app/_next/static/chunks/146jk8mmnoaei.js:0
[  896612ms] [INFO] [SAFA API] -> GET /invoices {method: GET, path: /invoices, url: /api/invoices, body: undefined, requestedAt: 2026-06-21T10:22:29.645Z} @ https://safa-8f76e--invoice-ux-simplify-3eesi5t2.web.app/_next/static/chunks/146jk8mmnoaei.js:0
[  896612ms] [INFO] [SAFA API] -> GET /invoice-drafts {method: GET, path: /invoice-drafts, url: /api/invoice-drafts, body: undefined, requestedAt: 2026-06-21T10:22:29.646Z} @ https://safa-8f76e--invoice-ux-simplify-3eesi5t2.web.app/_next/static/chunks/146jk8mmnoaei.js:0
[  896613ms] [INFO] [SAFA API] -> GET /settings {method: GET, path: /settings, url: /api/settings, body: undefined, requestedAt: 2026-06-21T10:22:29.646Z} @ https://safa-8f76e--invoice-ux-simplify-3eesi5t2.web.app/_next/static/chunks/146jk8mmnoaei.js:0
[  904092ms] [INFO] [SAFA API] <- 200 GET /invoice-drafts (7473ms) {method: GET, path: /invoice-drafts, status: 200, statusText: , ok: true} @ https://safa-8f76e--invoice-ux-simplify-3eesi5t2.web.app/_next/static/chunks/146jk8mmnoaei.js:0
[  905390ms] [INFO] [SAFA API] <- 200 GET /invoices (8778ms) {method: GET, path: /invoices, status: 200, statusText: , ok: true} @ https://safa-8f76e--invoice-ux-simplify-3eesi5t2.web.app/_next/static/chunks/146jk8mmnoaei.js:0
[  905502ms] [INFO] [SAFA API] <- 200 GET /settings (8889ms) {method: GET, path: /settings, status: 200, statusText: , ok: true} @ https://safa-8f76e--invoice-ux-simplify-3eesi5t2.web.app/_next/static/chunks/146jk8mmnoaei.js:0
[  908448ms] [INFO] [SAFA API] <- 200 GET /orders (11834ms) {method: GET, path: /orders, status: 200, statusText: , ok: true} @ https://safa-8f76e--invoice-ux-simplify-3eesi5t2.web.app/_next/static/chunks/146jk8mmnoaei.js:0
[  908449ms] [INFO] [SAFA API] -> GET /settings/connections {method: GET, path: /settings/connections, url: /api/settings/connections, body: undefined, requestedAt: 2026-06-21T10:22:41.482Z} @ https://safa-8f76e--invoice-ux-simplify-3eesi5t2.web.app/_next/static/chunks/146jk8mmnoaei.js:0
[  908449ms] [INFO] [SAFA API] -> GET /external-invoices {method: GET, path: /external-invoices, url: /api/external-invoices, body: undefined, requestedAt: 2026-06-21T10:22:41.483Z} @ https://safa-8f76e--invoice-ux-simplify-3eesi5t2.web.app/_next/static/chunks/146jk8mmnoaei.js:0
[  908450ms] [INFO] [SAFA API] -> GET /jobs {method: GET, path: /jobs, url: /api/jobs, body: undefined, requestedAt: 2026-06-21T10:22:41.483Z} @ https://safa-8f76e--invoice-ux-simplify-3eesi5t2.web.app/_next/static/chunks/146jk8mmnoaei.js:0
[  908450ms] [INFO] [SAFA API] -> GET /automation/status {method: GET, path: /automation/status, url: /api/automation/status, body: undefined, requestedAt: 2026-06-21T10:22:41.483Z} @ https://safa-8f76e--invoice-ux-simplify-3eesi5t2.web.app/_next/static/chunks/146jk8mmnoaei.js:0
[  908608ms] [INFO] [SAFA API] <- 200 GET /settings/connections (159ms) {method: GET, path: /settings/connections, status: 200, statusText: , ok: true} @ https://safa-8f76e--invoice-ux-simplify-3eesi5t2.web.app/_next/static/chunks/146jk8mmnoaei.js:0
[  911107ms] [INFO] [SAFA API] <- 200 GET /automation/status (2657ms) {method: GET, path: /automation/status, status: 200, statusText: , ok: true} @ https://safa-8f76e--invoice-ux-simplify-3eesi5t2.web.app/_next/static/chunks/146jk8mmnoaei.js:0
[  916769ms] [INFO] [SAFA API] <- 200 GET /external-invoices (8312ms) {method: GET, path: /external-invoices, status: 200, statusText: , ok: true} @ https://safa-8f76e--invoice-ux-simplify-3eesi5t2.web.app/_next/static/chunks/146jk8mmnoaei.js:0
[  919668ms] [INFO] [SAFA API] <- 200 GET /jobs (11193ms) {method: GET, path: /jobs, status: 200, statusText: , ok: true} @ https://safa-8f76e--invoice-ux-simplify-3eesi5t2.web.app/_next/static/chunks/146jk8mmnoaei.js:0
[  919668ms] [INFO] [SAFA API] -> GET /products {method: GET, path: /products, url: /api/products, body: undefined, requestedAt: 2026-06-21T10:22:52.702Z} @ https://safa-8f76e--invoice-ux-simplify-3eesi5t2.web.app/_next/static/chunks/146jk8mmnoaei.js:0
[  919669ms] [INFO] [SAFA API] -> GET /integrations/hepsiburada/order-lines {method: GET, path: /integrations/hepsiburada/order-lines, url: /api/integrations/hepsiburada/order-lines, body: undefined, requestedAt: 2026-06-21T10:22:52.702Z} @ https://safa-8f76e--invoice-ux-simplify-3eesi5t2.web.app/_next/static/chunks/146jk8mmnoaei.js:0
[  919797ms] [INFO] [SAFA API] <- 200 GET /products (128ms) {method: GET, path: /products, status: 200, statusText: , ok: true} @ https://safa-8f76e--invoice-ux-simplify-3eesi5t2.web.app/_next/static/chunks/146jk8mmnoaei.js:0
[  919810ms] [INFO] [SAFA API] <- 200 GET /integrations/hepsiburada/order-lines (142ms) {method: GET, path: /integrations/hepsiburada/order-lines, status: 200, statusText: , ok: true} @ https://safa-8f76e--invoice-ux-simplify-3eesi5t2.web.app/_next/static/chunks/146jk8mmnoaei.js:0
